Vivado Simulator 2016.4
Copyright 1986-1999, 2001-2016 Xilinx, Inc. All Rights Reserved.
Running: /opt/Xilinx/Vivado/2016.4/bin/unwrapped/lnx64.o/xelab -wto 2193981f7b7f415fbe5c500c72b7912a --debug typical --relax --mt 8 -L work -L dist_mem_gen_v8_0_11 -L xil_defaultlib -L unisims_ver -L unimacro_ver -L secureip -L xpm --snapshot displayinterface_behav work.displayinterface work.glbl -log elaborate.log 
Using 8 slave threads.
WARNING: [XSIM 43-3431] One or more environment variables have been detected which affect the operation of the C compiler. These are typically not set in standard installations and are not tested by Xilinx, however they may be appropriate for your system, so the flow will attempt to continue.  If errors occur, try running fuse with the "-mt off -v 1" switches to see more information from the C compiler. The following environment variables have been detected:
Starting static elaboration
Completed static elaboration
Starting simulation data flow analysis
Completed simulation data flow analysis
Time Resolution for simulation is 1ps
Compiling package std.standard
Compiling package std.textio
Compiling package ieee.std_logic_1164
Compiling package ieee.numeric_std
Compiling package vl.vl_types
Compiling module work.glbl
Compiling architecture rtl of entity work.Binary_To_7Segment [binary_to_7segment_default]
Compiling architecture behav of entity work.Four7Segment [four7segment_default]
Compiling architecture behav of entity work.clockslower [clockslower_default]
Compiling architecture pcbehav of entity work.ProgCounter [progcounter_default]
Compiling architecture behav1 of entity work.registerfiles [registerfiles_default]
Compiling architecture alubehav of entity work.ALU [alu_default]
Compiling architecture behavorial of entity work.main [main_default]
Compiling module dist_mem_gen_v8_0_11.dist_mem_gen_v8_0_11(C_FAMILY="a...
Compiling module xil_defaultlib.dist_mem_gen_0
Compiling module dist_mem_gen_v8_0_11.dist_mem_gen_v8_0_11(C_FAMILY="a...
Compiling module xil_defaultlib.dist_mem_gen_1
Compiling architecture behavioral of entity work.debounce [debounce_default]
Compiling architecture behavioral of entity work.testbencher [testbencher_default]
Compiling architecture behavioral of entity work.displayinterface
Built simulation snapshot displayinterface_behav
