
*** Running vivado
    with args -log dist_mem_gen_0.vds -m64 -product Vivado -mode batch -messageDb vivado.pb -notrace -source dist_mem_gen_0.tcl


****** Vivado v2016.4 (64-bit)
  **** SW Build 1756540 on Mon Jan 23 19:11:19 MST 2017
  **** IP Build 1755317 on Mon Jan 23 20:30:07 MST 2017
    ** Copyright 1986-2016 Xilinx, Inc. All Rights Reserved.

source dist_mem_gen_0.tcl -notrace
Starting RTL Elaboration : Time (s): cpu = 00:00:06 ; elapsed = 00:00:07 . Memory (MB): peak = 1090.797 ; gain = 168.086 ; free physical = 2330 ; free virtual = 13566
INFO: [Synth 8-638] synthesizing module 'dist_mem_gen_0' [/home/dual/cs5170402/project_8/project_8.srcs/sources_1/ip/dist_mem_gen_0/synth/dist_mem_gen_0.vhd:66]
INFO: [Synth 8-256] done synthesizing module 'dist_mem_gen_0' (4#1) [/home/dual/cs5170402/project_8/project_8.srcs/sources_1/ip/dist_mem_gen_0/synth/dist_mem_gen_0.vhd:66]
Finished RTL Elaboration : Time (s): cpu = 00:00:07 ; elapsed = 00:00:08 . Memory (MB): peak = 1132.266 ; gain = 209.555 ; free physical = 2239 ; free virtual = 13475
Finished RTL Optimization Phase 1 : Time (s): cpu = 00:00:07 ; elapsed = 00:00:08 . Memory (MB): peak = 1132.266 ; gain = 209.555 ; free physical = 2239 ; free virtual = 13476
INFO: [Device 21-403] Loading part xa7a35tcpg236-1I
Constraint Validation Runtime : Time (s): cpu = 00:00:00.01 ; elapsed = 00:00:00.02 . Memory (MB): peak = 1377.480 ; gain = 0.000 ; free physical = 1923 ; free virtual = 13160
Finished Constraint Validation : Time (s): cpu = 00:00:14 ; elapsed = 00:00:15 . Memory (MB): peak = 1377.480 ; gain = 454.770 ; free physical = 1914 ; free virtual = 13151
Finished Loading Part and Timing Information : Time (s): cpu = 00:00:14 ; elapsed = 00:00:15 . Memory (MB): peak = 1377.480 ; gain = 454.770 ; free physical = 1914 ; free virtual = 13151
Finished applying 'set_property' XDC Constraints : Time (s): cpu = 00:00:14 ; elapsed = 00:00:15 . Memory (MB): peak = 1377.480 ; gain = 454.770 ; free physical = 1914 ; free virtual = 13151
Finished RTL Optimization Phase 2 : Time (s): cpu = 00:00:14 ; elapsed = 00:00:15 . Memory (MB): peak = 1385.488 ; gain = 462.777 ; free physical = 1900 ; free virtual = 13137
Finished Cross Boundary and Area Optimization : Time (s): cpu = 00:00:14 ; elapsed = 00:00:16 . Memory (MB): peak = 1409.512 ; gain = 486.801 ; free physical = 1876 ; free virtual = 13113
---------------------------------------------------------------------------------
Start ROM, RAM, DSP and Shift Register Reporting
---------------------------------------------------------------------------------

ROM:
+------------+------------+---------------+----------------+
|Module Name | RTL Object | Depth x Width | Implemented As | 
+------------+------------+---------------+----------------+
|rom         | rom[255]   | 256x32        | LUT            | 
+------------+------------+---------------+----------------+

---------------------------------------------------------------------------------
Finished ROM, RAM, DSP and Shift Register Reporting
---------------------------------------------------------------------------------
Finished Applying XDC Timing Constraints : Time (s): cpu = 00:00:20 ; elapsed = 00:00:21 . Memory (MB): peak = 1412.512 ; gain = 489.801 ; free physical = 1803 ; free virtual = 13040
Finished Timing Optimization : Time (s): cpu = 00:00:20 ; elapsed = 00:00:21 . Memory (MB): peak = 1412.512 ; gain = 489.801 ; free physical = 1803 ; free virtual = 13040
Finished Technology Mapping : Time (s): cpu = 00:00:20 ; elapsed = 00:00:21 . Memory (MB): peak = 1422.527 ; gain = 499.816 ; free physical = 1794 ; free virtual = 13030
Finished IO Insertion : Time (s): cpu = 00:00:20 ; elapsed = 00:00:22 . Memory (MB): peak = 1422.527 ; gain = 499.816 ; free physical = 1794 ; free virtual = 13030
Finished Renaming Generated Instances : Time (s): cpu = 00:00:20 ; elapsed = 00:00:22 . Memory (MB): peak = 1422.527 ; gain = 499.816 ; free physical = 1794 ; free virtual = 13030
Finished Rebuilding User Hierarchy : Time (s): cpu = 00:00:20 ; elapsed = 00:00:22 . Memory (MB): peak = 1422.527 ; gain = 499.816 ; free physical = 1794 ; free virtual = 13030
Finished Renaming Generated Ports : Time (s): cpu = 00:00:20 ; elapsed = 00:00:22 . Memory (MB): peak = 1422.527 ; gain = 499.816 ; free physical = 1794 ; free virtual = 13030
Finished Handling Custom Attributes : Time (s): cpu = 00:00:20 ; elapsed = 00:00:22 . Memory (MB): peak = 1422.527 ; gain = 499.816 ; free physical = 1794 ; free virtual = 13030
Finished Renaming Generated Nets : Time (s): cpu = 00:00:20 ; elapsed = 00:00:22 . Memory (MB): peak = 1422.527 ; gain = 499.816 ; free physical = 1794 ; free virtual = 13030

Report Cell Usage: 
+------+-----+------+
|      |Cell |Count |
+------+-----+------+
|1     |LUT4 |     1|
|2     |LUT5 |    21|
+------+-----+------+
Finished Writing Synthesis Report : Time (s): cpu = 00:00:20 ; elapsed = 00:00:22 . Memory (MB): peak = 1422.527 ; gain = 499.816 ; free physical = 1794 ; free virtual = 13030
synth_design: Time (s): cpu = 00:00:18 ; elapsed = 00:00:19 . Memory (MB): peak = 1440.527 ; gain = 429.312 ; free physical = 1769 ; free virtual = 13006
