
*** Running vivado
    with args -log dist_mem_gen_1.vds -m64 -product Vivado -mode batch -messageDb vivado.pb -notrace -source dist_mem_gen_1.tcl

awk: symbol lookup error: awk: undefined symbol: mpfr_z_sub

****** Vivado v2016.4 (64-bit)
  **** SW Build 1756540 on Mon Jan 23 19:11:19 MST 2017
  **** IP Build 1755317 on Mon Jan 23 20:30:07 MST 2017
    ** Copyright 1986-2016 Xilinx, Inc. All Rights Reserved.

source dist_mem_gen_1.tcl -notrace
awk: symbol lookup error: awk: undefined symbol: mpfr_z_sub
Starting RTL Elaboration : Time (s): cpu = 00:00:06 ; elapsed = 00:00:07 . Memory (MB): peak = 1090.801 ; gain = 168.086 ; free physical = 2611 ; free virtual = 13547
INFO: [Synth 8-638] synthesizing module 'dist_mem_gen_1' [/home/dual/cs5170402/project_8/project_8.srcs/sources_1/ip/dist_mem_gen_1/synth/dist_mem_gen_1.vhd:69]
INFO: [Synth 8-256] done synthesizing module 'dist_mem_gen_1' (4#1) [/home/dual/cs5170402/project_8/project_8.srcs/sources_1/ip/dist_mem_gen_1/synth/dist_mem_gen_1.vhd:69]
Finished RTL Elaboration : Time (s): cpu = 00:00:07 ; elapsed = 00:00:08 . Memory (MB): peak = 1132.270 ; gain = 209.555 ; free physical = 2567 ; free virtual = 13503
Finished RTL Optimization Phase 1 : Time (s): cpu = 00:00:07 ; elapsed = 00:00:08 . Memory (MB): peak = 1132.270 ; gain = 209.555 ; free physical = 2566 ; free virtual = 13503
INFO: [Device 21-403] Loading part xa7a35tcpg236-1I
Constraint Validation Runtime : Time (s): cpu = 00:00:00.01 ; elapsed = 00:00:00.01 . Memory (MB): peak = 1442.477 ; gain = 0.000 ; free physical = 2396 ; free virtual = 13341
Finished Constraint Validation : Time (s): cpu = 00:00:14 ; elapsed = 00:00:16 . Memory (MB): peak = 1442.477 ; gain = 519.762 ; free physical = 2408 ; free virtual = 13339
Finished Loading Part and Timing Information : Time (s): cpu = 00:00:14 ; elapsed = 00:00:16 . Memory (MB): peak = 1442.477 ; gain = 519.762 ; free physical = 2408 ; free virtual = 13339
Finished applying 'set_property' XDC Constraints : Time (s): cpu = 00:00:14 ; elapsed = 00:00:16 . Memory (MB): peak = 1442.477 ; gain = 519.762 ; free physical = 2408 ; free virtual = 13339
Finished RTL Optimization Phase 2 : Time (s): cpu = 00:00:14 ; elapsed = 00:00:16 . Memory (MB): peak = 1442.477 ; gain = 519.762 ; free physical = 2401 ; free virtual = 13332
Finished Cross Boundary and Area Optimization : Time (s): cpu = 00:00:15 ; elapsed = 00:00:16 . Memory (MB): peak = 1442.477 ; gain = 519.762 ; free physical = 2401 ; free virtual = 13331
---------------------------------------------------------------------------------
Start ROM, RAM, DSP and Shift Register Reporting
---------------------------------------------------------------------------------

Distributed RAM: Preliminary Mapping  Report (see note below)
+---------------------+-----------------------------------------------------------+----------------+----------------------+------------------+
|Module Name          | RTL Object                                                | Inference      | Size (Depth x Width) | Primitives       | 
+---------------------+-----------------------------------------------------------+----------------+----------------------+------------------+
|dist_mem_gen_v8_0_11 | synth_options.dist_mem_inst/gen_sp_ram.spram_inst/ram_reg | User Attribute | 256 x 32             | RAM256X1S x 32   | 
+---------------------+-----------------------------------------------------------+----------------+----------------------+------------------+

Note: The table above is a preliminary report that shows the Distributed RAMs at the current stage of the synthesis flow. Some Distributed RAMs may be reimplemented as non Distributed RAM primitives later in the synthesis flow. Multiple instantiated RAMs are reported only once.
---------------------------------------------------------------------------------
Finished ROM, RAM, DSP and Shift Register Reporting
---------------------------------------------------------------------------------
Finished Applying XDC Timing Constraints : Time (s): cpu = 00:00:20 ; elapsed = 00:00:22 . Memory (MB): peak = 1442.477 ; gain = 519.762 ; free physical = 2383 ; free virtual = 13312
Finished Timing Optimization : Time (s): cpu = 00:00:20 ; elapsed = 00:00:22 . Memory (MB): peak = 1442.477 ; gain = 519.762 ; free physical = 2382 ; free virtual = 13312
Finished Technology Mapping : Time (s): cpu = 00:00:20 ; elapsed = 00:00:22 . Memory (MB): peak = 1442.477 ; gain = 519.762 ; free physical = 2364 ; free virtual = 13293
Finished IO Insertion : Time (s): cpu = 00:00:21 ; elapsed = 00:00:22 . Memory (MB): peak = 1442.477 ; gain = 519.762 ; free physical = 2362 ; free virtual = 13291
Finished Renaming Generated Instances : Time (s): cpu = 00:00:21 ; elapsed = 00:00:22 . Memory (MB): peak = 1442.477 ; gain = 519.762 ; free physical = 2362 ; free virtual = 13291
Finished Rebuilding User Hierarchy : Time (s): cpu = 00:00:21 ; elapsed = 00:00:22 . Memory (MB): peak = 1442.477 ; gain = 519.762 ; free physical = 2362 ; free virtual = 13291
Finished Renaming Generated Ports : Time (s): cpu = 00:00:21 ; elapsed = 00:00:22 . Memory (MB): peak = 1442.477 ; gain = 519.762 ; free physical = 2362 ; free virtual = 13291
Finished Handling Custom Attributes : Time (s): cpu = 00:00:21 ; elapsed = 00:00:22 . Memory (MB): peak = 1442.477 ; gain = 519.762 ; free physical = 2361 ; free virtual = 13291
Finished Renaming Generated Nets : Time (s): cpu = 00:00:21 ; elapsed = 00:00:22 . Memory (MB): peak = 1442.477 ; gain = 519.762 ; free physical = 2361 ; free virtual = 13291

Report Cell Usage: 
+------+----------+------+
|      |Cell      |Count |
+------+----------+------+
|1     |RAM256X1S |    32|
|2     |FDRE      |    32|
+------+----------+------+
Finished Writing Synthesis Report : Time (s): cpu = 00:00:21 ; elapsed = 00:00:22 . Memory (MB): peak = 1442.477 ; gain = 519.762 ; free physical = 2361 ; free virtual = 13291
synth_design: Time (s): cpu = 00:00:19 ; elapsed = 00:00:20 . Memory (MB): peak = 1442.484 ; gain = 431.266 ; free physical = 2358 ; free virtual = 13287
